<?xml version="1.0" encoding="UTF-8"?>
<!-- Generated by org.testng.reporters.JUnitReportReporter -->
<testsuite hostname="Neils-MacBook-Pro.local" name="com.saucelabs.SampleSauceTest" tests="4" failures="0" timestamp="15 Apr 2015 21:39:21 GMT" time="13.866" errors="0">
  <testcase name="verifySearchForUFC" time="4.105" classname="com.saucelabs.SampleSauceTest"/>
  <testcase name="verifyLaunch" time="2.519" classname="com.saucelabs.SampleSauceTest"/>
  <testcase name="verifyEditPageUI" time="4.346" classname="com.saucelabs.SampleSauceTest"/>
  <testcase name="goToHistorySection" time="2.896" classname="com.saucelabs.SampleSauceTest"/>
</testsuite> <!-- com.saucelabs.SampleSauceTest -->
