<?xml version="1.0" encoding="UTF-8"?>
<!-- Generated by org.testng.reporters.JUnitReportReporter -->
<testsuite hostname="Neils-MacBook-Pro.local" name="TestNGExample" tests="2" failures="0" timestamp="14 Apr 2015 17:12:03 GMT" time="4.995" errors="0">
  <testcase name="verifyTitle" time="2.999" classname="TestNGExample"/>
  <testcase name="verifyLaunchUI" time="1.996" classname="TestNGExample"/>
</testsuite> <!-- TestNGExample -->
